<?xml version="1.0" encoding="UTF-8" standalone="yes"?>
<config>
	<e1>test e1 content</e1>
	<e2>12345</e2>
</config>